AfroApp/app/build/intermediates/manifest_merge_blame_file/debug/manifest-merger-blame-debug-report.txt
1<?xml version="1.0" encoding="utf-8"?>
2<manifest xmlns:android="http://schemas.android.com/apk/res/android"
3    package="com.alice.afroapp"
4    android:versionCode="1"
5    android:versionName="1.0" >
6
7    <uses-sdk
8        android:minSdkVersion="18"
8-->src\main\AndroidManifest.xml
9        android:targetSdkVersion="28" />
9-->src\main\AndroidManifest.xml
10
11    <uses-permission android:name="android.permission.ACCESS_NETWORK_STATE" />
11-->[com.firebaseui:firebase-ui-auth:6.2.0] AndroidManifest.xml:12:5-79
11-->[com.firebaseui:firebase-ui-auth:6.2.0] AndroidManifest.xml:12:22-76
12    <uses-permission android:name="android.permission.INTERNET" />
12-->[com.firebaseui:firebase-ui-auth:6.2.0] AndroidManifest.xml:13:5-67
12-->[com.firebaseui:firebase-ui-auth:6.2.0] AndroidManifest.xml:13:22-64
13    <uses-permission android:name="android.permission.WAKE_LOCK" /> <!-- Required by older versions of Google Play services to create IID tokens -->
13-->[com.google.android.gms:play-services-measurement-api:16.5.0] AndroidManifest.xml:24:5-68
13-->[com.google.android.gms:play-services-measurement-api:16.5.0] AndroidManifest.xml:24:22-65
14    <uses-permission android:name="com.google.android.c2dm.permission.RECEIVE" />
14-->[com.google.firebase:firebase-iid:17.1.2] AndroidManifest.xml:26:5-82
14-->[com.google.firebase:firebase-iid:17.1.2] AndroidManifest.xml:26:22-79
15    <uses-permission android:name="com.google.android.finsky.permission.BIND_GET_INSTALL_REFERRER_SERVICE" />
15-->[com.google.android.gms:play-services-measurement:16.5.0] AndroidManifest.xml:26:5-110
15-->[com.google.android.gms:play-services-measurement:16.5.0] AndroidManifest.xml:26:22-107
16
17    <application
17-->src\main\AndroidManifest.xml:5:5-36:19
18        android:allowBackup="true"
18-->src\main\AndroidManifest.xml:6:9-35
19        android:appComponentFactory="androidx.core.app.CoreComponentFactory"
19-->[androidx.core:core:1.0.1] AndroidManifest.xml:22:18-86
20        android:debuggable="true"
21        android:icon="@mipmap/ic_launcher"
21-->src\main\AndroidManifest.xml:7:9-43
22        android:label="@string/app_name"
22-->src\main\AndroidManifest.xml:8:9-41
23        android:roundIcon="@mipmap/ic_launcher_round"
23-->src\main\AndroidManifest.xml:9:9-54
24        android:supportsRtl="true"
24-->src\main\AndroidManifest.xml:10:9-35
25        android:theme="@style/AppTheme" >
25-->src\main\AndroidManifest.xml:11:9-40
26        <activity
26-->src\main\AndroidManifest.xml:12:9-15:68
27            android:name="com.alice.afroapp.Add"
27-->src\main\AndroidManifest.xml:13:13-32
28            android:label="@string/title_activity_add"
28-->src\main\AndroidManifest.xml:14:13-55
29            android:theme="@style/AppTheme.NoActionBar" />
29-->src\main\AndroidManifest.xml:15:13-56
30        <activity android:name="com.alice.afroapp.ProfileAdd" />
30-->src\main\AndroidManifest.xml:16:9-48
30-->src\main\AndroidManifest.xml:16:19-45
31        <activity android:name="com.alice.afroapp.Profile" />
31-->src\main\AndroidManifest.xml:17:9-45
31-->src\main\AndroidManifest.xml:17:19-42
32        <activity android:name="com.alice.afroapp.Post" />
32-->src\main\AndroidManifest.xml:18:9-42
32-->src\main\AndroidManifest.xml:18:19-39
33        <activity
33-->src\main\AndroidManifest.xml:19:9-22:59
34            android:name="com.alice.afroapp.Listcomments"
34-->src\main\AndroidManifest.xml:20:13-41
35            android:label="@string/title_activity_listcomments"
35-->src\main\AndroidManifest.xml:21:13-64
36            android:theme="@style/AppTheme.NoActionBar" />
36-->src\main\AndroidManifest.xml:22:13-56
37        <activity
37-->src\main\AndroidManifest.xml:23:9-26:59
38            android:name="com.alice.afroapp.Listquestions"
38-->src\main\AndroidManifest.xml:24:13-42
39            android:label="@string/title_activity_listquestions"
39-->src\main\AndroidManifest.xml:25:13-65
40            android:theme="@style/AppTheme.NoActionBar" />
40-->src\main\AndroidManifest.xml:26:13-56
41        <activity
41-->src\main\AndroidManifest.xml:27:9-35:20
42            android:name="com.alice.afroapp.MainActivity"
42-->src\main\AndroidManifest.xml:28:13-41
43            android:label="@string/app_name" >
43-->src\main\AndroidManifest.xml:29:13-45
44            <intent-filter>
44-->src\main\AndroidManifest.xml:30:13-34:29
45                <action android:name="android.intent.action.MAIN" />
45-->src\main\AndroidManifest.xml:31:17-69
45-->src\main\AndroidManifest.xml:31:25-66
46
47                <category android:name="android.intent.category.LAUNCHER" />
47-->src\main\AndroidManifest.xml:33:17-77
47-->src\main\AndroidManifest.xml:33:27-74
48            </intent-filter>
49        </activity>
50
51        <meta-data
51-->[com.firebaseui:firebase-ui-auth:6.2.0] AndroidManifest.xml:16:9-18:69
52            android:name="com.google.android.gms.version"
52-->[com.firebaseui:firebase-ui-auth:6.2.0] AndroidManifest.xml:17:13-58
53            android:value="@integer/google_play_services_version" />
53-->[com.firebaseui:firebase-ui-auth:6.2.0] AndroidManifest.xml:18:13-66
54        <meta-data
54-->[com.firebaseui:firebase-ui-auth:6.2.0] AndroidManifest.xml:19:9-21:63
55            android:name="com.facebook.sdk.ApplicationId"
55-->[com.firebaseui:firebase-ui-auth:6.2.0] AndroidManifest.xml:20:13-58
56            android:value="@string/facebook_application_id" />
56-->[com.firebaseui:firebase-ui-auth:6.2.0] AndroidManifest.xml:21:13-60
57
58        <activity
58-->[com.firebaseui:firebase-ui-auth:6.2.0] AndroidManifest.xml:23:9-27:61
59            android:name="com.firebase.ui.auth.KickoffActivity"
59-->[com.firebaseui:firebase-ui-auth:6.2.0] AndroidManifest.xml:24:13-64
60            android:exported="false"
60-->[com.firebaseui:firebase-ui-auth:6.2.0] AndroidManifest.xml:25:13-37
61            android:label=""
61-->[com.firebaseui:firebase-ui-auth:6.2.0] AndroidManifest.xml:26:13-29
62            android:theme="@style/FirebaseUI.Transparent" />
62-->[com.firebaseui:firebase-ui-auth:6.2.0] AndroidManifest.xml:27:13-58
63        <activity
63-->[com.firebaseui:firebase-ui-auth:6.2.0] AndroidManifest.xml:28:9-32:61
64            android:name="com.firebase.ui.auth.ui.idp.SingleSignInActivity"
64-->[com.firebaseui:firebase-ui-auth:6.2.0] AndroidManifest.xml:29:13-76
65            android:exported="false"
65-->[com.firebaseui:firebase-ui-auth:6.2.0] AndroidManifest.xml:30:13-37
66            android:label=""
66-->[com.firebaseui:firebase-ui-auth:6.2.0] AndroidManifest.xml:31:13-29
67            android:theme="@style/FirebaseUI.Transparent" />
67-->[com.firebaseui:firebase-ui-auth:6.2.0] AndroidManifest.xml:32:13-58
68        <activity
68-->[com.firebaseui:firebase-ui-auth:6.2.0] AndroidManifest.xml:33:9-37:61
69            android:name="com.firebase.ui.auth.ui.credentials.CredentialSaveActivity"
69-->[com.firebaseui:firebase-ui-auth:6.2.0] AndroidManifest.xml:34:13-86
70            android:exported="false"
70-->[com.firebaseui:firebase-ui-auth:6.2.0] AndroidManifest.xml:35:13-37
71            android:label=""
71-->[com.firebaseui:firebase-ui-auth:6.2.0] AndroidManifest.xml:36:13-29
72            android:theme="@style/FirebaseUI.Transparent" />
72-->[com.firebaseui:firebase-ui-auth:6.2.0] AndroidManifest.xml:37:13-58
73        <activity
73-->[com.firebaseui:firebase-ui-auth:6.2.0] AndroidManifest.xml:38:9-42:58
74            android:name="com.firebase.ui.auth.ui.email.RecoverPasswordActivity"
74-->[com.firebaseui:firebase-ui-auth:6.2.0] AndroidManifest.xml:39:13-81
75            android:exported="false"
75-->[com.firebaseui:firebase-ui-auth:6.2.0] AndroidManifest.xml:40:13-37
76            android:label="@string/fui_title_recover_password_activity"
76-->[com.firebaseui:firebase-ui-auth:6.2.0] AndroidManifest.xml:41:13-72
77            android:windowSoftInputMode="adjustResize" />
77-->[com.firebaseui:firebase-ui-auth:6.2.0] AndroidManifest.xml:42:13-55
78        <activity
78-->[com.firebaseui:firebase-ui-auth:6.2.0] AndroidManifest.xml:43:9-47:58
79            android:name="com.firebase.ui.auth.ui.email.EmailActivity"
79-->[com.firebaseui:firebase-ui-auth:6.2.0] AndroidManifest.xml:44:13-71
80            android:exported="false"
80-->[com.firebaseui:firebase-ui-auth:6.2.0] AndroidManifest.xml:45:13-37
81            android:label="@string/fui_sign_in_default"
81-->[com.firebaseui:firebase-ui-auth:6.2.0] AndroidManifest.xml:46:13-56
82            android:windowSoftInputMode="adjustResize" />
82-->[com.firebaseui:firebase-ui-auth:6.2.0] AndroidManifest.xml:47:13-55
83        <activity
83-->[com.firebaseui:firebase-ui-auth:6.2.0] AndroidManifest.xml:48:9-52:77
84            android:name="com.firebase.ui.auth.ui.phone.PhoneActivity"
84-->[com.firebaseui:firebase-ui-auth:6.2.0] AndroidManifest.xml:49:13-71
85            android:exported="false"
85-->[com.firebaseui:firebase-ui-auth:6.2.0] AndroidManifest.xml:50:13-37
86            android:label="@string/fui_sign_in_with_phone_number"
86-->[com.firebaseui:firebase-ui-auth:6.2.0] AndroidManifest.xml:51:13-66
87            android:windowSoftInputMode="adjustResize|stateAlwaysVisible" />
87-->[com.firebaseui:firebase-ui-auth:6.2.0] AndroidManifest.xml:52:13-74
88        <activity
88-->[com.firebaseui:firebase-ui-auth:6.2.0] AndroidManifest.xml:53:9-57:58
89            android:name="com.firebase.ui.auth.ui.idp.WelcomeBackIdpPrompt"
89-->[com.firebaseui:firebase-ui-auth:6.2.0] AndroidManifest.xml:54:13-76
90            android:exported="false"
90-->[com.firebaseui:firebase-ui-auth:6.2.0] AndroidManifest.xml:55:13-37
91            android:label="@string/fui_title_welcome_back_idp_prompt"
91-->[com.firebaseui:firebase-ui-auth:6.2.0] AndroidManifest.xml:56:13-70
92            android:windowSoftInputMode="adjustResize" />
92-->[com.firebaseui:firebase-ui-auth:6.2.0] AndroidManifest.xml:57:13-55
93        <activity
93-->[com.firebaseui:firebase-ui-auth:6.2.0] AndroidManifest.xml:58:9-62:58
94            android:name="com.firebase.ui.auth.ui.email.WelcomeBackPasswordPrompt"
94-->[com.firebaseui:firebase-ui-auth:6.2.0] AndroidManifest.xml:59:13-83
95            android:exported="false"
95-->[com.firebaseui:firebase-ui-auth:6.2.0] AndroidManifest.xml:60:13-37
96            android:label="@string/fui_title_welcome_back_password_prompt"
96-->[com.firebaseui:firebase-ui-auth:6.2.0] AndroidManifest.xml:61:13-75
97            android:windowSoftInputMode="adjustResize" />
97-->[com.firebaseui:firebase-ui-auth:6.2.0] AndroidManifest.xml:62:13-55
98        <activity
98-->[com.firebaseui:firebase-ui-auth:6.2.0] AndroidManifest.xml:63:9-67:58
99            android:name="com.firebase.ui.auth.ui.email.WelcomeBackEmailLinkPrompt"
99-->[com.firebaseui:firebase-ui-auth:6.2.0] AndroidManifest.xml:64:13-84
100            android:exported="false"
100-->[com.firebaseui:firebase-ui-auth:6.2.0] AndroidManifest.xml:65:13-37
101            android:label="@string/fui_title_welcome_back_password_prompt"
101-->[com.firebaseui:firebase-ui-auth:6.2.0] AndroidManifest.xml:66:13-75
102            android:windowSoftInputMode="adjustResize" />
102-->[com.firebaseui:firebase-ui-auth:6.2.0] AndroidManifest.xml:67:13-55
103        <activity
103-->[com.firebaseui:firebase-ui-auth:6.2.0] AndroidManifest.xml:68:9-73:58
104            android:name="com.firebase.ui.auth.ui.email.EmailLinkCatcherActivity"
104-->[com.firebaseui:firebase-ui-auth:6.2.0] AndroidManifest.xml:69:13-82
105            android:exported="false"
105-->[com.firebaseui:firebase-ui-auth:6.2.0] AndroidManifest.xml:70:13-37
106            android:label=""
106-->[com.firebaseui:firebase-ui-auth:6.2.0] AndroidManifest.xml:71:13-29
107            android:theme="@style/FirebaseUI.Transparent"
107-->[com.firebaseui:firebase-ui-auth:6.2.0] AndroidManifest.xml:72:13-58
108            android:windowSoftInputMode="adjustResize" />
108-->[com.firebaseui:firebase-ui-auth:6.2.0] AndroidManifest.xml:73:13-55
109        <activity
109-->[com.firebaseui:firebase-ui-auth:6.2.0] AndroidManifest.xml:74:9-78:58
110            android:name="com.firebase.ui.auth.ui.email.EmailLinkErrorRecoveryActivity"
110-->[com.firebaseui:firebase-ui-auth:6.2.0] AndroidManifest.xml:75:13-88
111            android:exported="false"
111-->[com.firebaseui:firebase-ui-auth:6.2.0] AndroidManifest.xml:76:13-37
112            android:label="@string/fui_sign_in_default"
112-->[com.firebaseui:firebase-ui-auth:6.2.0] AndroidManifest.xml:77:13-56
113            android:windowSoftInputMode="adjustResize" />
113-->[com.firebaseui:firebase-ui-auth:6.2.0] AndroidManifest.xml:78:13-55
114        <activity
114-->[com.firebaseui:firebase-ui-auth:6.2.0] AndroidManifest.xml:79:9-82:65
115            android:name="com.firebase.ui.auth.ui.idp.AuthMethodPickerActivity"
115-->[com.firebaseui:firebase-ui-auth:6.2.0] AndroidManifest.xml:80:13-80
116            android:exported="false"
116-->[com.firebaseui:firebase-ui-auth:6.2.0] AndroidManifest.xml:81:13-37
117            android:label="@string/fui_default_toolbar_title" />
117-->[com.firebaseui:firebase-ui-auth:6.2.0] AndroidManifest.xml:82:13-62
118        <activity
118-->[com.firebaseui:firebase-ui-auth:6.2.0] AndroidManifest.xml:83:9-87:48
119            android:name="com.facebook.FacebookActivity"
119-->[com.firebaseui:firebase-ui-auth:6.2.0] AndroidManifest.xml:84:13-57
120            android:configChanges="keyboard|keyboardHidden|screenLayout|screenSize|orientation"
120-->[com.firebaseui:firebase-ui-auth:6.2.0] AndroidManifest.xml:85:13-96
121            android:label="@string/app_name" />
121-->[com.firebaseui:firebase-ui-auth:6.2.0] AndroidManifest.xml:86:13-45
122        <activity
122-->[com.firebaseui:firebase-ui-auth:6.2.0] AndroidManifest.xml:88:9-100:20
123            android:name="com.facebook.CustomTabActivity"
123-->[com.firebaseui:firebase-ui-auth:6.2.0] AndroidManifest.xml:89:13-58
124            android:exported="true" >
124-->[com.firebaseui:firebase-ui-auth:6.2.0] AndroidManifest.xml:90:13-36
125            <intent-filter>
125-->[com.firebaseui:firebase-ui-auth:6.2.0] AndroidManifest.xml:92:13-99:29
126                <action android:name="android.intent.action.VIEW" />
126-->[com.firebaseui:firebase-ui-auth:6.2.0] AndroidManifest.xml:93:17-69
126-->[com.firebaseui:firebase-ui-auth:6.2.0] AndroidManifest.xml:93:25-66
127
128                <category android:name="android.intent.category.DEFAULT" />
128-->[com.firebaseui:firebase-ui-auth:6.2.0] AndroidManifest.xml:95:17-76
128-->[com.firebaseui:firebase-ui-auth:6.2.0] AndroidManifest.xml:95:27-73
129                <category android:name="android.intent.category.BROWSABLE" />
129-->[com.firebaseui:firebase-ui-auth:6.2.0] AndroidManifest.xml:96:17-78
129-->[com.firebaseui:firebase-ui-auth:6.2.0] AndroidManifest.xml:96:27-75
130
131                <data android:scheme="@string/facebook_login_protocol_scheme" />
131-->[com.firebaseui:firebase-ui-auth:6.2.0] AndroidManifest.xml:98:17-81
131-->[com.firebaseui:firebase-ui-auth:6.2.0] AndroidManifest.xml:98:23-78
132            </intent-filter>
133        </activity>
134
135        <provider
135-->[com.firebaseui:firebase-ui-auth:6.2.0] AndroidManifest.xml:102:9-106:38
136            android:name="com.firebase.ui.auth.data.client.AuthUiInitProvider"
136-->[com.firebaseui:firebase-ui-auth:6.2.0] AndroidManifest.xml:103:13-79
137            android:authorities="com.alice.afroapp.authuiinitprovider"
137-->[com.firebaseui:firebase-ui-auth:6.2.0] AndroidManifest.xml:104:13-70
138            android:exported="false"
138-->[com.firebaseui:firebase-ui-auth:6.2.0] AndroidManifest.xml:105:13-37
139            android:initOrder="90" />
139-->[com.firebaseui:firebase-ui-auth:6.2.0] AndroidManifest.xml:106:13-35
140
141        <service
141-->[com.google.firebase:firebase-database:19.4.0] AndroidManifest.xml:29:9-35:19
142            android:name="com.google.firebase.components.ComponentDiscoveryService"
142-->[com.google.firebase:firebase-database:19.4.0] AndroidManifest.xml:30:13-84
143            android:directBootAware="true"
143-->[com.google.firebase:firebase-common:19.3.1] AndroidManifest.xml:35:13-43
144            android:exported="false" >
144-->[com.google.firebase:firebase-database:19.4.0] AndroidManifest.xml:31:13-37
145            <meta-data
145-->[com.google.firebase:firebase-database:19.4.0] AndroidManifest.xml:32:13-34:85
146                android:name="com.google.firebase.components:com.google.firebase.database.DatabaseRegistrar"
146-->[com.google.firebase:firebase-database:19.4.0] AndroidManifest.xml:33:17-109
147                android:value="com.google.firebase.components.ComponentRegistrar" />
147-->[com.google.firebase:firebase-database:19.4.0] AndroidManifest.xml:34:17-82
148            <meta-data
148-->[com.google.firebase:firebase-auth:19.2.0] AndroidManifest.xml:36:13-38:85
149                android:name="com.google.firebase.components:com.google.firebase.auth.FirebaseAuthRegistrar"
149-->[com.google.firebase:firebase-auth:19.2.0] AndroidManifest.xml:37:17-109
150                android:value="com.google.firebase.components.ComponentRegistrar" />
150-->[com.google.firebase:firebase-auth:19.2.0] AndroidManifest.xml:38:17-82
151            <meta-data
151-->[com.google.android.gms:play-services-measurement-api:16.5.0] AndroidManifest.xml:30:13-32:85
152                android:name="com.google.firebase.components:com.google.firebase.analytics.connector.internal.AnalyticsConnectorRegistrar"
152-->[com.google.android.gms:play-services-measurement-api:16.5.0] AndroidManifest.xml:31:17-139
153                android:value="com.google.firebase.components.ComponentRegistrar" />
153-->[com.google.android.gms:play-services-measurement-api:16.5.0] AndroidManifest.xml:32:17-82
154            <meta-data
154-->[com.google.firebase:firebase-iid:17.1.2] AndroidManifest.xml:32:13-34:85
155                android:name="com.google.firebase.components:com.google.firebase.iid.Registrar"
155-->[com.google.firebase:firebase-iid:17.1.2] AndroidManifest.xml:33:17-96
156                android:value="com.google.firebase.components.ComponentRegistrar" />
156-->[com.google.firebase:firebase-iid:17.1.2] AndroidManifest.xml:34:17-82
157        </service>
158
159        <activity
159-->[com.google.firebase:firebase-auth:19.2.0] AndroidManifest.xml:24:9-31:50
160            android:name="com.google.firebase.auth.internal.FederatedSignInActivity"
160-->[com.google.firebase:firebase-auth:19.2.0] AndroidManifest.xml:25:13-85
161            android:excludeFromRecents="true"
161-->[com.google.firebase:firebase-auth:19.2.0] AndroidManifest.xml:26:13-46
162            android:exported="true"
162-->[com.google.firebase:firebase-auth:19.2.0] AndroidManifest.xml:27:13-36
163            android:launchMode="singleTask"
163-->[com.google.firebase:firebase-auth:19.2.0] AndroidManifest.xml:28:13-44
164            android:permission="com.google.firebase.auth.api.gms.permission.LAUNCH_FEDERATED_SIGN_IN"
164-->[com.google.firebase:firebase-auth:19.2.0] AndroidManifest.xml:29:13-102
165            android:theme="@android:style/Theme.Translucent.NoTitleBar" />
165-->[com.google.firebase:firebase-auth:19.2.0] AndroidManifest.xml:30:13-72
166
167        <receiver
167-->[com.google.firebase:firebase-iid:17.1.2] AndroidManifest.xml:37:9-44:20
168            android:name="com.google.firebase.iid.FirebaseInstanceIdReceiver"
168-->[com.google.firebase:firebase-iid:17.1.2] AndroidManifest.xml:38:13-78
169            android:exported="true"
169-->[com.google.firebase:firebase-iid:17.1.2] AndroidManifest.xml:39:13-36
170            android:permission="com.google.android.c2dm.permission.SEND" >
170-->[com.google.firebase:firebase-iid:17.1.2] AndroidManifest.xml:40:13-73
171            <intent-filter>
171-->[com.google.firebase:firebase-iid:17.1.2] AndroidManifest.xml:41:13-43:29
172                <action android:name="com.google.android.c2dm.intent.RECEIVE" />
172-->[com.google.firebase:firebase-iid:17.1.2] AndroidManifest.xml:42:17-81
172-->[com.google.firebase:firebase-iid:17.1.2] AndroidManifest.xml:42:25-78
173            </intent-filter>
174        </receiver>
175        <!--
176             FirebaseInstanceIdService performs security checks at runtime,
177             no need for explicit permissions despite exported="true"
178        -->
179        <service
179-->[com.google.firebase:firebase-iid:17.1.2] AndroidManifest.xml:50:9-56:19
180            android:name="com.google.firebase.iid.FirebaseInstanceIdService"
180-->[com.google.firebase:firebase-iid:17.1.2] AndroidManifest.xml:51:13-77
181            android:exported="true" >
181-->[com.google.firebase:firebase-iid:17.1.2] AndroidManifest.xml:52:13-36
182            <intent-filter android:priority="-500" >
182-->[com.google.firebase:firebase-iid:17.1.2] AndroidManifest.xml:53:13-55:29
182-->[com.google.firebase:firebase-iid:17.1.2] AndroidManifest.xml:53:28-51
183                <action android:name="com.google.firebase.INSTANCE_ID_EVENT" />
183-->[com.google.firebase:firebase-iid:17.1.2] AndroidManifest.xml:54:17-80
183-->[com.google.firebase:firebase-iid:17.1.2] AndroidManifest.xml:54:25-77
184            </intent-filter>
185        </service>
186
187        <provider
187-->[com.google.firebase:firebase-common:19.3.1] AndroidManifest.xml:26:9-31:39
188            android:name="com.google.firebase.provider.FirebaseInitProvider"
188-->[com.google.firebase:firebase-common:19.3.1] AndroidManifest.xml:27:13-77
189            android:authorities="com.alice.afroapp.firebaseinitprovider"
189-->[com.google.firebase:firebase-common:19.3.1] AndroidManifest.xml:28:13-72
190            android:directBootAware="true"
190-->[com.google.firebase:firebase-common:19.3.1] AndroidManifest.xml:29:13-43
191            android:exported="false"
191-->[com.google.firebase:firebase-common:19.3.1] AndroidManifest.xml:30:13-37
192            android:initOrder="100" />
192-->[com.google.firebase:firebase-common:19.3.1] AndroidManifest.xml:31:13-36
193
194        <activity
194-->[com.google.android.gms:play-services-auth:17.0.0] AndroidManifest.xml:23:9-27:75
195            android:name="com.google.android.gms.auth.api.signin.internal.SignInHubActivity"
195-->[com.google.android.gms:play-services-auth:17.0.0] AndroidManifest.xml:24:13-93
196            android:excludeFromRecents="true"
196-->[com.google.android.gms:play-services-auth:17.0.0] AndroidManifest.xml:25:13-46
197            android:exported="false"
197-->[com.google.android.gms:play-services-auth:17.0.0] AndroidManifest.xml:26:13-37
198            android:theme="@android:style/Theme.Translucent.NoTitleBar" />
198-->[com.google.android.gms:play-services-auth:17.0.0] AndroidManifest.xml:27:13-72
199        <!--
200            Service handling Google Sign-In user revocation. For apps that do not integrate with
201            Google Sign-In, this service will never be started.
202        -->
203        <service
203-->[com.google.android.gms:play-services-auth:17.0.0] AndroidManifest.xml:33:9-36:110
204            android:name="com.google.android.gms.auth.api.signin.RevocationBoundService"
204-->[com.google.android.gms:play-services-auth:17.0.0] AndroidManifest.xml:34:13-89
205            android:exported="true"
205-->[com.google.android.gms:play-services-auth:17.0.0] AndroidManifest.xml:35:13-36
206            android:permission="com.google.android.gms.auth.api.signin.permission.REVOCATION_NOTIFICATION" />
206-->[com.google.android.gms:play-services-auth:17.0.0] AndroidManifest.xml:36:13-107
207
208        <activity
208-->[com.google.android.gms:play-services-base:17.1.0] AndroidManifest.xml:23:9-26:75
209            android:name="com.google.android.gms.common.api.GoogleApiActivity"
209-->[com.google.android.gms:play-services-base:17.1.0] AndroidManifest.xml:24:13-79
210            android:exported="false"
210-->[com.google.android.gms:play-services-base:17.1.0] AndroidManifest.xml:25:13-37
211            android:theme="@android:style/Theme.Translucent.NoTitleBar" />
211-->[com.google.android.gms:play-services-base:17.1.0] AndroidManifest.xml:26:13-72
212
213        <receiver
213-->[com.google.android.gms:play-services-measurement:16.5.0] AndroidManifest.xml:29:9-33:20
214            android:name="com.google.android.gms.measurement.AppMeasurementReceiver"
214-->[com.google.android.gms:play-services-measurement:16.5.0] AndroidManifest.xml:30:13-85
215            android:enabled="true"
215-->[com.google.android.gms:play-services-measurement:16.5.0] AndroidManifest.xml:31:13-35
216            android:exported="false" >
216-->[com.google.android.gms:play-services-measurement:16.5.0] AndroidManifest.xml:32:13-37
217        </receiver>
218        <receiver
218-->[com.google.android.gms:play-services-measurement:16.5.0] AndroidManifest.xml:34:9-42:20
219            android:name="com.google.android.gms.measurement.AppMeasurementInstallReferrerReceiver"
219-->[com.google.android.gms:play-services-measurement:16.5.0] AndroidManifest.xml:35:13-100
220            android:enabled="true"
220-->[com.google.android.gms:play-services-measurement:16.5.0] AndroidManifest.xml:36:13-35
221            android:exported="true"
221-->[com.google.android.gms:play-services-measurement:16.5.0] AndroidManifest.xml:37:13-36
222            android:permission="android.permission.INSTALL_PACKAGES" >
222-->[com.google.android.gms:play-services-measurement:16.5.0] AndroidManifest.xml:38:13-69
223            <intent-filter>
223-->[com.google.android.gms:play-services-measurement:16.5.0] AndroidManifest.xml:39:13-41:29
224                <action android:name="com.android.vending.INSTALL_REFERRER" />
224-->[com.google.android.gms:play-services-measurement:16.5.0] AndroidManifest.xml:40:17-79
224-->[com.google.android.gms:play-services-measurement:16.5.0] AndroidManifest.xml:40:25-76
225            </intent-filter>
226        </receiver>
227
228        <service
228-->[com.google.android.gms:play-services-measurement:16.5.0] AndroidManifest.xml:44:9-47:40
229            android:name="com.google.android.gms.measurement.AppMeasurementService"
229-->[com.google.android.gms:play-services-measurement:16.5.0] AndroidManifest.xml:45:13-84
230            android:enabled="true"
230-->[com.google.android.gms:play-services-measurement:16.5.0] AndroidManifest.xml:46:13-35
231            android:exported="false" />
231-->[com.google.android.gms:play-services-measurement:16.5.0] AndroidManifest.xml:47:13-37
232        <service
232-->[com.google.android.gms:play-services-measurement:16.5.0] AndroidManifest.xml:48:9-52:72
233            android:name="com.google.android.gms.measurement.AppMeasurementJobService"
233-->[com.google.android.gms:play-services-measurement:16.5.0] AndroidManifest.xml:49:13-87
234            android:enabled="true"
234-->[com.google.android.gms:play-services-measurement:16.5.0] AndroidManifest.xml:50:13-35
235            android:exported="false"
235-->[com.google.android.gms:play-services-measurement:16.5.0] AndroidManifest.xml:51:13-37
236            android:permission="android.permission.BIND_JOB_SERVICE" />
236-->[com.google.android.gms:play-services-measurement:16.5.0] AndroidManifest.xml:52:13-69
237
238        <provider
238-->[androidx.lifecycle:lifecycle-process:2.1.0] AndroidManifest.xml:23:9-27:43
239            android:name="androidx.lifecycle.ProcessLifecycleOwnerInitializer"
239-->[androidx.lifecycle:lifecycle-process:2.1.0] AndroidManifest.xml:24:13-79
240            android:authorities="com.alice.afroapp.lifecycle-process"
240-->[androidx.lifecycle:lifecycle-process:2.1.0] AndroidManifest.xml:25:13-69
241            android:exported="false"
241-->[androidx.lifecycle:lifecycle-process:2.1.0] AndroidManifest.xml:26:13-37
242            android:multiprocess="true" />
242-->[androidx.lifecycle:lifecycle-process:2.1.0] AndroidManifest.xml:27:13-40
243    </application>
244
245</manifest>